<?xml version="1.0" encoding="UTF-8"?>
<!-- Generated by org.testng.reporters.JUnitReportReporter -->
<testsuite hostname="MR-PC" name="testing.CompanyCrudTest" tests="1" failures="0" timestamp="4 Apr 2018 19:21:28 GMT" time="0.446" errors="0">
  <testcase name="testFindAll" time="0.446" classname="testing.CompanyCrudTest"/>
</testsuite> <!-- testing.CompanyCrudTest -->
